<?xml version="1.0" encoding="UTF-8"?>
<!-- Generated by org.testng.reporters.JUnitReportReporter -->
<testsuite hostname="dkadev-qaa" failures="0" tests="1" name="emailTest.TestMail$AppTest" time="0.544" errors="0" timestamp="19 feb. 2024 09:56:57 GMT" skipped="0">
  <testcase classname="emailTest.TestMail$AppTest" name="emailTestExample" time="0.544"/>
</testsuite> <!-- emailTest.TestMail$AppTest -->
